<?xml version="1.0" encoding="UTF-8"?>
<!-- Generated by org.testng.reporters.JUnitXMLReporter -->
<testsuite ignored="0" hostname="DESKTOP-KJ197RR" failures="0" tests="3" name="Test" time="103.237" errors="0" timestamp="2025-06-06T11:40:51 IST">
  <testcase classname="testcases.AddToCartTest" name="addToCart" time="35.511"/>
  <testcase classname="testcases.GlobalSearch" name="globalSearch" time="16.587"/>
  <testcase classname="testcases.PlpSorting" name="testSortByPriceLowToHigh" time="16.01"/>
</testsuite> <!-- Test -->
