<?xml version="1.0" encoding="UTF-8"?>
<testng-results ignored="0" total="2" passed="2" failed="0" skipped="0">
  <reporter-output>
  </reporter-output>
  <suite started-at="2025-06-02T18:02:54 IST" name="Suite" finished-at="2025-06-02T18:03:49 IST" duration-ms="54869">
    <groups>
    </groups>
    <test started-at="2025-06-02T18:02:54 IST" name="Test" finished-at="2025-06-02T18:03:49 IST" duration-ms="54869">
      <class name="testcases.PlpSorting">
        <test-method is-config="true" signature="setUp()[pri:0, instance:testcases.PlpSorting@145f66e3]" started-at="2025-06-02T18:03:29 IST" name="setUp" finished-at="2025-06-02T18:03:35 IST" duration-ms="6446" status="PASS">
          <reporter-output>
          </reporter-output>
        </test-method> <!-- setUp -->
        <test-method signature="testSortByPriceLowToHigh()[pri:0, instance:testcases.PlpSorting@145f66e3]" started-at="2025-06-02T18:03:35 IST" name="testSortByPriceLowToHigh" finished-at="2025-06-02T18:03:49 IST" duration-ms="13555" status="PASS">
          <reporter-output>
          </reporter-output>
        </test-method> <!-- testSortByPriceLowToHigh -->
        <test-method is-config="true" signature="tearDown()[pri:0, instance:testcases.PlpSorting@145f66e3]" started-at="2025-06-02T18:03:49 IST" name="tearDown" finished-at="2025-06-02T18:03:49 IST" duration-ms="650" status="PASS">
          <reporter-output>
          </reporter-output>
        </test-method> <!-- tearDown -->
      </class> <!-- testcases.PlpSorting -->
      <class name="testcases.AddToCartTest">
        <test-method is-config="true" signature="setUp()[pri:0, instance:testcases.AddToCartTest@4c371370]" started-at="2025-06-02T18:02:54 IST" name="setUp" finished-at="2025-06-02T18:03:03 IST" duration-ms="8204" status="PASS">
          <reporter-output>
          </reporter-output>
        </test-method> <!-- setUp -->
        <test-method signature="addToCart()[pri:0, instance:testcases.AddToCartTest@4c371370]" started-at="2025-06-02T18:03:03 IST" name="addToCart" finished-at="2025-06-02T18:03:28 IST" duration-ms="25108" status="PASS">
          <reporter-output>
          </reporter-output>
        </test-method> <!-- addToCart -->
        <test-method is-config="true" signature="tearDown()[pri:0, instance:testcases.AddToCartTest@4c371370]" started-at="2025-06-02T18:03:28 IST" name="tearDown" finished-at="2025-06-02T18:03:29 IST" duration-ms="850" status="PASS">
          <reporter-output>
          </reporter-output>
        </test-method> <!-- tearDown -->
      </class> <!-- testcases.AddToCartTest -->
    </test> <!-- Test -->
  </suite> <!-- Suite -->
</testng-results>
